<?xml version="1.0" encoding="UTF-8" ?>
<testsuite tests="7" failures="0" name="runner.TestRunner" time="0.008" errors="0" skipped="0">
  <properties>
[...]
</properties>
  <testcase classname="Scenario: Login to the application Linkedin.com" name="Given Open Chrome browser and launch the application" time="0.008"/>
  <testcase classname="Scenario: Login to the application Linkedin.com" name="When User click on the SignIn Button" time="0"/>
  <testcase classname="Scenario: Login to the application Linkedin.com" name="When User enters the username and password onto the UserName and password field" time="0"/>
  <testcase classname="Scenario: Login to the application Linkedin.com" name="When User clicks on the Login button" time="0"/>
  <testcase classname="Scenario: Login to the application Linkedin.com" name="Then Validate if the user login is successful" time="0"/>
  <testcase classname="Scenario: Login to the application Linkedin.com" name="Then Close the browser" time="0"/>
  <testcase classname="Scenario: Login to the application Linkedin.com" name="Scenario: Login to the application Linkedin.com" time="0"/>
</testsuite>